[  0000000] Linux version 4.15.0-66-generic (buildd@lgw01-amd64-044) (gcc version 7.4.0 (Ubuntu 7.4.0-1ubuntu1~18.04.1)) #75-Ubuntu SMP Tue Oct 1 05:24:09 UTC 2019 (Ubuntu 4.15.0-66.75-generic 4.15.18)
[   000000] Command line: BOOT_IMAGE=/boot/vmlinuz-4.15.0-66-generic root=LABEL=cloudimg-rootfs ro console=tty1 console=ttyS0
[   000000] KERNEL supported cpus:
[    0.000000]   Intel GenuineIntel
[    0.000000]   AMD AuthenticAMD
[    0.000000]   Centaur CentaurHauls
[    0.000000] x86/fpu: Supporting XSAVE feature 0x001: 'x87 floating point registers'
[    0.000000] x86/fpu: Supporting XSAVE feature 0x002: 'SSE registers'
[    0.000000] x86/fpu: Supporting XSAVE feature 0x004: 'AVX registers'
[    0.000000] x86/fpu: xstate_offset[2]:  576, xstate_sizes[2]:  256
[    0.000000] x86/fpu: Enabled xstate features 0x7, context size is 832 bytes, using 'standard' format.
[    0.000000] e820: BIOS-provided physical RAM map:
[    0.000000] BIOS-e820: [mem 0x0000000000000000-0x000000000009fbff] usable
[    0.000000] BIOS-e820: [mem 0x000000000009fc00-0x000000000009ffff] reserved
[    0.000000] BIOS-e820: [mem 0x00000000000f0000-0x000000000fffff] reserved
[    0.000000] BIOS-e820: [mem 0x0000000000100000-0x000000003ffeffff] usable
[    0.000000] BIOS-e820: [mem 0x000000003fff0000-0x000000003fffffff] ACPI data
[    0.000000] BIO-e20: [mem 0x000000fe000-0x00000000fec00fff] reserved
[   .000000] BIOS-e820: [mem 0x00000000fee00000-0x00000000fee00fff] reserved
[    0.000000] BIOS-e820: [mem 0x00000000fffc0000-0x00000000ffffffff] reserved
[    0.000000] NX (Execute Disable) protection: active
[    0.000000] SMBIOS 2.5 present.
[    0.000000] DMI: innotek GmbH VirtualBox/VirtualBox, BIOS VirtualBox 12/01/2006
[    0.000000] Hypervisor detected: KVM
[    0.000000] e820: last_pfn = 0x3fff0 max_arch_pfn = 0x400000000
[    0.000000] MTRR: Disabled
[    0.000000] x86/PAT: MTRRs disabled, skipping PAT initialization too.
[    0.000000] CPU MTRRs all blank - virtualized system.
[    0.000000] x86/PAT: Configuration [0-7]: WB  WT  UC- UC  WB  WT  UC- UC  
[    0.000000] found SMP MP-table at [mem 0x0009fff0-0x0009ffff]
[    0.000000] Scanning 1 areas orlow meorcorrtin
[  0.0000] RAISK: [m 0x35a8b000-0x36d3cfff]
[   .000000]CPI: Ely tlechecks verification disabled
[    0.000000] ACPI: RSDP 0x00000000000E0000 000024 (v02 VBOX  )
[   0000] CPI: XSDT 0x000000003FFF0030 00003C (v01 VBOX   VBOXXSDT 00000001 ASL  00000061)
[    0.000000] ACPI: FACP 000000003FFF00F0 0000F4 (v04 VBOX   VBOXFACP 00000001 ASL  00000061)
[    0.000000] ACPI: DSDT 0x000000003FFF0470 0021FF (v02 VBOX   VBOXBIOS 00000002 INTL 20180105)
[    0.000000] ACPI: FACS 0x000000003FFF0200 000040
[    0.000000] ACPI: FACS 0x000000003FFF0200 000040
[    0.000000] ACP APIC 0x000000003FFF0240 00005C (v02 VBOX   VBOXAPIC 00000001 ASL  00000061)
[    0.000000] ACPI: SSDT 0x000000003FFF02A0 0001CC (v01 VBOX   VBOXCPUT 00000002 INTL 20180105)
[    0.000000] No NUMA configuration found
[    0.000000] Faking a node at [mem 0x0000000000000000-0x000000003ffeffff]
[    0.000000] NODE_DATA(0) alloced[mem 0x3ffc5000-0x3ffeffff]
[   00000] m-clock: cpu 0, msr 0:3ff44001, primary cpu clock
[   000000] kvm-clock: Using msrs 4b564d01 and 4b564d00
[    0.000000] kvm-clock: using sched offset of 3075585471 cycles
[    0.000000] clocksource: vmclock: mask: 0xffffffffffffffff max_cycles: 0x1cd42e4dffb, max_idle_ns: 881590591483 ns
[   .00000] Zone ranges:
[    .0000]  D      [mem 0x0000000000001000-0x0000000000ffffff]
[   000000]   DMA32    [mem 0x0000000001000000-0x000000003ffeffff]
[    000000]   Normal   empty
[   .000000]   Device   empty
[    0.000000] Movable zone start for echode
[    0.000000] Early memory node ranges[    0.000000]   node   0: [mem 0x0000000000001000-0x000000009efff]
[   000000]   node   0: [mem 0x0000000000100000-0x000000003ffeffff]
[   .000000] Reserved but unavailable: 98 pages
[   .0000]Initmem setup node 0 [mem 0x0000000000001000-0x000000003ffeffff]
[    0.000000] ACPI: PM-Timer IO Port: 0x4008
[    0.000000] IOAPIC[0]: api_i 2, version 32, address 0xfec00000, GSI 0-23
[    0.000000] ACPI: INT_SRC_OVR (bus 0 bus_irq 0 global_irq 2 dfl dfl)
[    0.000000] ACP: NT_SRCOV(bus 0bu_irq glol_ir9 low lel)
[  0.0000] Using ACPI (MADT) for SMP configuration information
[   .00000smpbotAllowin 2CPUs, 0otpl CUs
[   .000000] : Restred nosave memory: [mem 0x00000000-0x00000fff]
[    0.000000] PM: Registered nosave memory: [mem 0x0009f000-0x0009ffff]
[    0.000000] PM: Registered nosave memory: [mem 0x000a0000-0x000effff]
[    0.000000] PM: Registered nosave memory: [mem 0x000f0000-0x000fffff]
[    0.000000] e820: [mem 0x40000000-0xfebfffff] available for PCI devices
[    0.000000] Booting paravirtualized kernel on KVM
[    0.000000] clocksource: refined-jiffies: mask: 0xffffffff max_cycles: 0xffffffff, max_idle_ns: 7645519600211568 ns
[    0.000000] random: get_random_bytes called from start_kernel+0x99/0x4fd with crng_init=0
[    0.000000] setup_percpu: NR_CPUS:8192 nr_cpumask_bits:2 nr_cpu_ids:2 nr_node_ids:1
[    0.000000] percpu: Embedded 46 pages/cpu s151552 r8192 d28672 u1048576
[    0.000000] PV qspinlock hash table entries: 256 (order: 0, 4096 bytes)
[    0.000000] Built 1 zonelists, mobility grouping on.  Total pages: 257913
[    0.000000] Policy zone: DMA32
[    0.000000] Kernel command line: BOOT_IMAGE=/boot/vmlinuz-4.15.0-66-generic root=LABEL=cloudimg-rootfs ro console=tty1 console=ttyS0
[    0.000000] Memory: 983436K/1048120K available (12300K kernel code, 2481K rwdata, 4260K rodata, 2436K init, 2388K bss, 64684K reserved, 0K cma-reserved)
[    0.000000] SLUB: HWalign=64, Order=0-3, MinObjects=0, CPUs=2, Nodes=1
[    0.000000] ftrace: allocating 39306 entries in 154 pages
[    0.004000] Hierarchical RCU implementation.
[    0.004000] 	RCU restricting CPUs from NR_CPUS=8192 to nr_cpu_ids=2.
[    0.004000] 	Tasks RCU enabled.
[    0.004000] RCU: Adjusting geometry for rcu_fanout_leaf=16, nr_cpu_ids=2
[    0.004000] NR_IRQS: 524544, nr_irqs: 440, preallocated irqs: 16
[    0.004000] Console: colour VGA+ 80x25
[    0.004000] console [tty1] enabled
[    0.004000] console [ttyS0] enabled
[    0.004000] ACPI: Core revision 20170831
[    0.004000] ACPI: 2 ACPI AML tables successfully acquired and loaded
[   0.004000] APIC: Switch to symmetric I/O mode setup
[    0.004000] x2apic enabled
[    0.004000] Switched APIC routing to physical x2apic.
[    0.004000] ..TIMER: vector=0x30 apic1=0 pin1=2 apic2=-1 pin2=-1
[    0.004000] tsc: Detected 3393.622 MHz processor
[    0.004000] tsc: Marking TSC unstable due to TSCs unsynchronized
[    0.004000] Calibrating delay loop (skipped) preset value.. 6787.24 BogoMIPS (lpj=13574488)
[    0.004000] pid_max: default: 32768 minimum: 301
[    0.004000] Security Framework initialized
[    0.004000] Yama: becoming mindful.
[    0.004000] AppArmor: AppArmor initialized
[    0.004000] Dentry cache hash table entries: 131072 (order: 8, 1048576 bytes)
[    0.004000] Inode-cache hash table entries: 65536 (order: 7, 524288 bytes)
[    0.004000] Mount-cache hash table entries: 2048 (order: 2, 16384 bytes)
[    0.004012] Mountpoint-cache hash table entries: 2048 (order: 2, 16384 bytes)
[    0.008212] Last level iTLB entries: 4KB 1024, 2MB 1024, 4MB 512
[    0.012002] Last level dTLB entries: 4KB 1536, 2MB 1536, 4MB 768, 1GB 0
[    0.016002] Spectre V1 : Mitigation: usercopy/swapgs barriers and __user pointer sanitization
[    0.020007] Spectre V2 : Spectre mitigation: LFENCE not serializing, switching to generic retpoline
[    0.024004] Spectre V2 : Mitigation: Full generic retpoline
[    0.025015] Spectre V2 : Spectre v2 / SpectreRSB mitigation: Filling RSB on context switch
[    0.026475] Speculative Store Bypass: Mitigation: Speculative Store Bypass disabled via prctl and seccomp
[    0.028301] Freeing SMP alternatives memory: 36K
[    0.142297] smpboot: CPU0: AMD Ryzen 5 2600 Six-Core Processor (family: 0x17, model: 0x8, stepping: 0x2)
[    0.144127] Performance Events: PMU not available due to virtualization, using software events only.
[    0.148043] Hierarchical SRCU implementation.
[    0.152507] NMI watchdog: Perf event create on CPU 0 failed with -2
[    0.156006] NMI watchdog: Perf NMI watchdog permanently disabled
[    0.160053] smp: Bringing up secondary CPUs ...
[    0.164119] x86: Booting SMP configuration:
[    0.164516] .... node  #0, CPUs:      #1
[    0.004000] kvm-clock: cpu 1, msr 0:3ff44041, secondary cpu clock
[    0.196023] smp: Brought up 1 node, 2 CPUs
[    0.196941] smpboot: Max logical packages: 1
[    0.197779] smpboot: Total of 2 processors activated (13574.48 BogoMIPS)
[    0.199156] devtmpfs: initialized
[    0.204044] x86/mm: Memory block size: 128MB
[    0.212119] evm: security.selinux
[    0.212538] evm: security.SMACK64
[    0.212937] evm: security.SMACK64EXEC
[    0.213389] evm: security.SMACK64TRANSMUTE
[    0.220002] evm: security.SMACK64MMAP
[    0.220426] evm: security.apparmor
[    0.220817] evm: security.ima
[    0.224002] evm: security.capability
[    0.224825] clocksource: jiffies: mask: 0xffffffff max_cycles: 0xffffffff, max_idle_ns: 7645041785100000 ns
[    0.225063] futex hash table entries: 512 (order: 3, 32768 bytes)
[    0.225767] pinctrl core: initialized pinctrl subsystem
[    0.228073] RTC time: 16:27:02, date: 11/19/19
[    0.228717] NET: Registered protocol family 16
[    0.232002] audit: initializing netlink subsys (disabled)
[    0.236037] audit: type=2000 audit(1574180823.168:1): state=initialized audit_enabled=0 res=1
[    0.240022] cpuidle: using governor ladder
[    0.240855] cpuidle: using governor menu
[    0.240964] ACPI: bus type PCI registered
[    0.244004] acpiphp: ACPI Hot Plug PCI Controller Driver version: 0.5
[    0.244885] PCI: Using configuration type 1 for base access
[    0.245600] PCI: Using configuration type 1 for extended access
[    0.246382] HugeTLB registered 2.00 MiB page size, pre-allocated 0 pages
[    0.246382] ACPI: Added _OSI(Module Device)
[    0.246382] ACPI: Added _OSI(Processor Device)
[    0.246382] ACPI: Added _OSI(3.0 _SCP Extensions)
[    0.246382] ACPI: Added _OSI(Processor Aggregator Device)
[    0.248011] ACPI: Added _OSI(Linux-Dell-Video)
[    0.248614] ACPI: Added _OSI(Linux-Lenovo-NV-HDMI-Audio)
[    0.249289] ACPI: Added _OSI(Linux-HPI-Hybrid-Graphics)
[    0.250140] ACPI: Executed 1 blocks of module-level executable AML code
[    0.257004] ACPI: Interpreter enabled
[    0.257329] ACPI: (supports S0 S5)
[    0.257611] ACPI: Using IOAPIC for interrupt routing
[    0.258178] PCI: Using host bridge windows from ACPI; if necessary, use "pci=nocrs" and report a bug
[    0.264229] ACPI: Enabled 2 GPEs in block 00 to 07
[    0.274878] ACPI: PCI Root Bridge [PCI0] (domain 0000 [bus 00-ff])
[    0.276008] acpi PNP0A03:00: _OSC: OS supports [ExtendedConfig ASPM ClockPM Segments MSI]
[    0.277311] acpi PNP0A03:00: _OSC: OS now controls [PCIeHotplug PME AER PCIeCapability]
[    0.280202] PCI host bridge to bus 0000:00
[    0.280597] pci_bus 0000:00: root bus resource [io  0x0000-0x0cf7 window]
[    0.281181] pci_bus 0000:00: root bus resource [io  0x0d00-0xffff window]
[    0.281762] pci_bus 0000:00: root bus resource [mem 0x000a0000-0x000bffff window]
[    0.282433] pci_bus 0000:00: root bus resource [mem 0x40000000-0xfdffffff window]
[    0.283114] pci_bus 0000:00: root bus resource [bus 00-ff]
[    0.284685] pci 0000:00:01.1: legacy IDE quirk: reg 0x10: [io  0x01f0-0x01f7]
[    0.285306] pci 0000:00:01.1: legacy IDE quirk: reg 0x14: [io  0x03f6]
[    0.286379] pci 0000:00:01.1: legacy IDE quirk: reg 0x18: [io  0x0170-0x0177]
[    0.286992] pci 0000:00:01.1: legacy IDE quirk: reg 0x1c: [io  0x0376]
[    0.297553] pci 0000:00:07.0: quirk: [io  0x4000-0x403f] claimed by PIIX4 ACPI
[    0.300013] pci 0000:00:07.0: quirk: [io  0x4100-0x410f] claimed by PIIX4 SMB
[    0.307918] ACPI: PCI Interrupt Link [LNKA] (IRQs 5 9 10 *11)
[    0.308251] ACPI: PCI Interrupt Link [LNKB] (IRQs 5 9 *10 11)
[    0.308850] ACPI: PCI Interrupt Link [LNKC] (IRQs 5 *9 10 11)
[    0.309444] ACPI: PCI Interrupt Link [LNKD] (IRQs 5 9 10 *11)
[    0.310275] SCSI subsystem initialized
[    0.310799] pci 0000:00:02.0: vgaarb: setting as boot VGA device
[    0.310799] pci 0000:00:02.0: vgaarb: VGA device added: decodes=io+mem,owns=io+mem,locks=none
[    0.312012] pci 0000:00:02.0: vgaarb: bridge control possible
[    0.312725] vgaarb: loaded
[    0.313152] ACPI: bus type USB registered
[    0.313706] usbcore: registered new interface driver usbfs
[    0.314408] usbcore: registered new interface driver hub
[    0.316038] usbcore: registered new device driver usb
[    0.316739] EDAC MC: Ver: 3.0.0
[    0.320116] PCI: Using ACPI for IRQ routing
[    0.320583] NetLabel: Initializing
[    0.320921] NetLabel:  domain hash size = 128
[    0.321331] NetLabel:  protocols = UNLABELED CIPSOv4 CALIPSO
[    0.321969] NetLabel:  unlabeled traffic allowed by default
[    0.324093] clocksource: Switched to clocksource kvm-clock
[    0.337832] VFS: Disk quotas dquot_6.6.0
[   .305] FS Dotcachha tlentes51(oer, 96yt)  1.216]AppArmr:ppmo Feste Eabd[  14486] p:nPCPin
  1.84] p:nPCP fnd dic
[  2035]loksrc ai_: mask: 0xffffff max_cycles: 0xffffff, max_idle_ns: 2085701024 ns
[    2.541451] NET: Registered protocol family 2
[    2.542527] TCP established hash table entries: 8192 (order: 4, 65536 bytes)
[    2.545274] TCP bind hash table entries: 8192 (order: 5, 131072 bytes)
[    2.546461] TCP: Hash tables configured (established 8192 bind 8192)
[    2.548343] UDP hash table entries: 512 (order: 2, 16384 bytes)
[    2.549231] UDP-Lite hash table entries: 512 (order: 2, 16384 bytes)
[    2.549231] NET: Registered protocol family 1
[    2.549231] pci 0000:00:00.0: Limiting direct PCI/PCI transfers
[   .523 p 00::00:ctatg A A ngorrods[  2491]ci00002. Vde device with shadowed ROM at [mem 0x000c0000-0x000dffff]
[    3.540893] Unpckngintrmf..
  3.47] eeg it mory:91K
[    4.298602] clocksource: tsc: mask: 0xffffffffffffffff max_cycles: 0x30eac5b3ab4, max_idle_ns: 440795272524 ns
[    4.313870] platform rtc_cmos: registered platform RTC device (no PNP device found)
[    4.322067] Scanning for low memory corruption every 60 seconds
[    4.328672] Initialise system trusted keyrings
[    4.331473] Key type blacklist registered
[    4.333170] workingset: timestamp_bits=36 max_order=18 bucket_order=0
[    4.342387] zbud: loaded
[    4.349621] squashfs: version 4.0 (2009/01/31) Phillip Lougher
[    4.359321] fuse init (API version 7.26)
[    4.366494] Key type asymmetric registered
[    4.367751] Asymmetric key parser 'x509' registered
[    4.369235] Block layer SCSI generic (bsg) driver version 0.4 loaded (major 246)
[    4.371322] io scheduler noop registered
[    4.371700] io scheduler deadline registered
[    4.372137] io scheduler cfq registered (default)
[    4.372784] ACPI: AC Adapter [AC] (on-line)
[    4.373227] input: Power Button as /devices/LNXSYSTM:00/LNXPWRBN:00/input/input0
[    4.373956] ACPI: Power Button [PWRF]
[    4.374356] input: Sleep Button as /devices/LNXSYSTM:00/LNXSLPBN:00/input/input1
[    4.375045] ACPI: Sleep Button [SLPF]
[    4.375775] Serial: 8250/16550 driver, 32 ports, IRQ sharing enabled
[    4.399089] 00:02: ttyS0 at I/O 0x3f8 (irq = 4, base_baud = 115200) is a 16550A
[    4.407808] Linux agpgart interface v0.103
[    4.421511] loop: module loaded
[    4.424890] scsi host0: ata_piix
[    4.425716] scsi host1: ata_piix
[    4.426246] ata1: PATA max UDMA/33 cmd 0x1f0 ctl 0x3f6 bmdma 0xd000 irq 14
[    4.427247] ata2: PATA max UDMA/33 cmd 0x170 ctl 0x376 bmdma 0xd008 irq 15
[    4.428466] libphy: Fixed MDIO Bus: probed
[    4.428888] tun: Universal TUN/TAP device driver, 1.6
[    4.429423] PPP generic driver version 2.4.2
[    4.429890] ehci_hcd: USB 2.0 'Enhanced' Host Controller (EHCI) Driver
[    4.430613] ehci-pci: EHCI PCI platform driver
[    4.431213] ehci-platform: EHCI generic platform driver
[    4.431892] ohci_hcd: USB 1.1 'Open' Host Controller (OHCI) Driver
[    4.432716] ohci-pci: OHCI PCI platform driver
[    4.433310] ohci-platform: OHCI generic platform driver
[    4.433978] uhci_hcd: USB Universal Host Controller Interface driver
[    4.434846] i8042: PNP: PS/2 Controller [PNP0303:PS2K,PNP0f03:PS2M] at 0x60,0x64 irq 1,12
[    4.436308] serio: i8042 KBD port at 0x60,0x64 irq 1
[    4.436990] serio: i8042 AUX port at 0x60,0x64 irq 12
[    4.437807] mousedev: PS/2 mouse device common for all mice
[    4.438931] input: AT Translated Set 2 keyboard as /devices/platform/i8042/serio0/input/input2
[    4.439728] rtc_cmos rtc_cmos: rtc core: registered rtc_cmos as rtc0
[    4.440443] rtc_cmos rtc_cmos: alarms up to one day, 114 bytes nvram
[    4.441014] i2c /dev entries driver
[    4.441394] device-mapper: uevent: version 1.0.3
[    4.441907] device-mapper: ioctl: 4.37.0-ioctl (2017-09-20) initialised: dm-devel@redhat.com
[    4.442734] ledtrig-cpu: registered to indicate activity on CPUs
[    4.443801] NET: Registered protocol family 10
[    4.448769] Segment Routing with IPv6
[    4.449152] NET: Registered protocol family 17
[    4.449619] Key type dns_resolver registered
[    4.450202] mce: Using 0 MCE banks
[    4.450712] RAS: Correctable Errors collector initialized.
[    4.451421] sched_clock: Marking stable (4450176189, 0)->(8825734101, -4375557912)
[    4.452835] registered taskstats version 1
[    4.453396] Loading compiled-in X.509 certificates
[    4.456768] Loaded X.509 cert 'Build time autogenerated kernel key: 01a66adcc10ca4ce7676a3458c33483b0e2b806e'
[    4.457913] zswap: loaded using pool lzo/zbud
[    4.461817] Key type big_key registered
[    4.462361] Key type trusted registered
[    4.464613] Key type encrypted registered
[    4.465230] AppArmor: AppArmor sha1 policy hashing enabled
[    4.466016] ima: No TPM chip found, activating TPM-bypass! (rc=-19)
[    4.467755] ima: Allocated hash algorithm: sha1
[    4.468137] evm: HMAC attrs: 0x1
[    4.468623]   Magic number: 11:83:490
[    4.468996] rtc_cmos rtc_cmos: setting system clock to 2019-11-19 16:27:06 UTC (1574180826)
[    4.469730] BIOS EDD facility v0.16 2004-Jun-25, 0 devices found
[    4.470205] EDD information not available.
[    4.598013] Freeing unused kernel image memory: 2436K
[    4.608061] Write protecting the kernel read-only data: 20480k
[    4.610272] Freeing unused kernel image memory: 2008K
[    4.611851] Freeing unused kernel image memory: 1884K
[    4.622886] x86/mm: Checked W+X mappings: passed, no W+X pages found.
Loading, please wait...
starting version 237
[    4.682367] e1000: Intel(R) PRO/1000 Network Driver - version 7.3.21-k8-NAPI
[    4.689906] e1000: Copyright (c) 1999-2006 Intel Corporation.
[    4.695473] Fusion MPT base driver 3.04.20
[    4.698693] Copyright (c) 1999-2008 LSI Corporation
[    4.706779] Fusion MPT SPI Host driver 3.04.20
[    4.711072] AVX2 version of gcm_enc/dec engaged.
[    4.743421] AES CTR mode by8 optimization enabled
[    4.934031] input: ImExPS/2 Generic Explorer Mouse as /devices/platform/i8042/serio1/input/input4
[    5.036835] e1000 0000:00:03.0 eth0: (PCI:33MHz:32-bit) 02:c7:16:cf:84:50
[    5.206476] e1000 0000:00:03.0 eth0: Intel(R) PRO/1000 Network Connection
[    5.567633] e1000 0000:00:08.0 eth1: (PCI:33MHz:32-bit) 08:00:27:c2:4a:ae
[    6.690874] e1000 0000:00:08.0 eth1: Intel(R) PRO/1000 Network Connection
[    7.751603] e1000 0000:00:03.0 enp0s3: renamed from eth0
[    7.752983] mptbase: ioc0: Initiating bringup
[    7.996499] e1000 0000:00:08.0 enp0s8: renamed from eth1
[    8.096456] ioc0: LSI53C1030 A0: Capabilities={Initiator}
[    9.438049] scsi host2: ioc0: LSI53C1030 A0, FwRev=00000000h, Ports=1, MaxQ=256, IRQ=20
[    9.608642] scsi 2:0:0:0: Direct-Access     VBOX     HARDDISK         1.0  PQ: 0 ANSI: 5
[    9.644116] scsi target2:0:0: Beginning Domain Validation
[    9.646579] scsi target2:0:0: Domain Validation skipping write tests
[    9.647953] scsi target2:0:0: Ending Domain Validation
[    9.649129] scsi target2:0:0: asynchronous
[    9.650448] scsi 2:0:1:0: Direct-Access     VBOX     HARDDISK         1.0  PQ: 0 ANSI: 5
[    9.700058] scsi target2:0:1: Beginning Domain Validation
[    9.702202] random: fast init done
[    9.703422] scsi target2:0:1: Domain Validation skipping write tests
[    9.704814] scsi target2:0:1: Ending Domain Validation
[    9.705974] scsi target2:0:1: asynchronous
[    9.712510] random: systemd-udevd: uninitialized urandom read (16 bytes read)
[    9.712545] sd 2:0:0:0: Attached scsi generic sg0 type 0
[    9.714197] random: systemd-udevd: uninitialized urandom read (16 bytes read)
[    9.724029] sd 2:0:0:0: [sda] 20971520 512-byte logical blocks: (10.7 GB/10.0 GiB)
[    9.724623] random: systemd-udevd: uninitialized urandom read (16 bytes read)
[    9.726516] sd 2:0:0:0: [sda] Write Protect is off
[    9.727556] sd 2:0:1:0: Attached scsi generic sg1 type 0
[    9.730853] sd 2:0:0:0: [sda] Incomplete mode parameter data
[    9.731063] sd 2:0:1:0: [sdb] 20480 512-byte logical blocks: (10.5 MB/10.0 MiB)
[    9.731413] sd 2:0:0:0: [sda] Assuming drive cache: write through
[    9.732866] sd 2:0:1:0: [sdb] Write Protect is off
[    9.734963] sd 2:0:1:0: [sdb] Incomplete mode parameter data
[    9.737110] sd 2:0:1:0: [sdb] Assuming drive cache: write through
[    9.737116]  sda: sda1
[    9.739025] sd 2:0:0:0: [sda] Attached SCSI disk
[    9.740162] sd 2:0:1:0: [sdb] Attached SCSI disk
Begin: Loading essential drivers ... [   11.144048] raid6: sse2x1   gen()  8050 MB/s
[   11.196053] raid6: sse2x1   xor()  7022 MB/s
[   11.248044] raid6: sse2x2   gen() 16195 MB/s
[   11.304044] raid6: sse2x2   xor() 10251 MB/s
[   11.356053] raid6: sse2x4   gen() 17080 MB/s
[   11.420073] raid6: sse2x4   xor()  9567 MB/s
[   11.484059] raid6: avx2x1   gen() 19123 MB/s
[   11.548059] raid6: avx2x1   xor() 13857 MB/s
[   11.604044] raid6: avx2x2   gen() 25021 MB/s
[   11.660081] raid6: avx2x2   xor() 15044 MB/s
[   11.736063] raid6: avx2x4   gen() 25713 MB/s
[   11.792087] raid6: avx2x4   xor() 13442 MB/s
[   11.800295] raid6: using algorithm avx2x4 gen() 25713 MB/s
[   11.804567] raid6: .... xor() 13442 MB/s, rmw enabled
[   11.820273] raid6: using avx2x2 recovery algorithm
[   11.827785] xor: automatically using best checksumming function   avx       
[   11.831043] async_tx: api initialized (async)
done.
Begin: Running /scripts/init-premount ... done.
Begin: Mounting root file system ... Begin: Running /scripts/local-top ... done.
Begin: Running /scripts/local-premount ... [   11.873223] Btrfs loaded, crc32c=crc32c-intel
Scanning for Btrfs filesystems
done.
Warning: fsck not present, so skipping root file system
[   11.907929] EXT4-fs (sda1): mounted filesystem with ordered data mode. Opts: (null)
done.
Begin: Running /scripts/local-bottom ... done.
Begin: Running /scripts/init-bottom ... done.
[   12.060952] ip_tables: (C) 2000-2006 Netfilter Core Team
[   12.216207] systemd[1]: systemd 237 running in system mode. (+PAM +AUDIT +SELINUX +IMA +APPARMOR +SMACK +SYSVINIT +UTMP +LIBCRYPTSETUP +GCRYPT +GNUTLS +ACL +XZ +LZ4 +SECCOMP +BLKID +ELFUTILS +KMOD -IDN2 +IDN -PCRE2 default-hierarchy=hybrid)
[   12.803268] systemd[1]: Detected virtualization oracle.
[   12.818199] systemd[1]: Detected architecture x86-64.

Welcome to [1mUbuntu 18.04.3 LTS[0m!

[   12.968406] systemd[1]: Set hostname to <ubuntu>.
[   13.111008] systemd[1]: Initializing machine ID from random generator.
[   13.111713] systemd[1]: Installed transient /etc/machine-id file.
[   13.349453] systemd[1]: Started Forward Password Requests to Wall Directory Watch.
[[0;32m  OK  [0m] Started Forward Password Requests to Wall Directory Watch.
[   13.369402] systemd[1]: Created slice User and Session Slice.
[[0;32m  OK  [0m] Created slice User and Session Slice.
[   13.372659] systemd[1]: Created slice System Slice.
[[0;32m  OK  [0m] Created slice System Slice.
[   13.375151] systemd[1]: Listening on /dev/initctl Compatibility Named Pipe.
[[0;32m  OK  [0m] Listening on /dev/initctl Compatibility Named Pipe.
[[0;32m  OK  [0m] Listening on Journal Socket.
         Mounting Huge Pages File System...
         Mounting POSIX Message Queue File System...
[[0;32m  OK  [0m] Listening on udev Control Socket.
[[0;32m  OK  [0m] Listening on Network Service Netlink Socket.
[[0;32m  OK  [0m] Listening on udev Kernel Socket.
         Starting Uncomplicated firewall...
         Starting Set the console keyboard layout...
         Starting Load Kernel Modules...
[[0;32m  OK  [0m] Listening on Device-mapper event daemon FIFOs.
[[0;32m  OK  [0m] Set up automount Arbitrary Executab…rmats File System Automount Point.
[[0;32m  OK  [0m] Listening on LVM2 poll daemon socket.
         Starting udev Coldplug all Devices...
         Starting Create list of required st…ce nodes for the current kernel...
         Starting Remount Root and Kernel File Systems...
[[0;32m  OK  [0m] Listening on[   13.544838] Loading iSCSI transport class v2.0-870.
 Syslog Socket.[   13.554206] iscsi: registered transport (tcp)

[[0;32m  OK  [0m] Created slice system-serial\x2dgetty.slice.
[[0;32m  OK  [[   13.676210] iscsi: registered transport (iser)
0m] Reached targ[   13.721890] EXT4-fs (sda1): re-mounted. Opts: (null)
et Slices.
[[0;32m  OK  [0m] Listening on Journal Audit Socket.
         Mounting Kernel Debug File System...
[[0;32m  OK  [0m] Listening on Journal Socket (/dev/log).
[[0;32m  OK  [0m] Reached target System Time Synchronized.
[[0;32m  OK  [0m] Reached target Swap.
[[0;32m  OK  [0m] Listening on LVM2 metadata daemon socket.
         Starting Monitoring of LVM2 mirrors…ng dmeventd or progress polling...
         Starting Journal Service...
[[0;32m  OK  [0m] Reached target User and Group Name Lookups.
[[0;32m  OK  [0m] Started Journal Service.
[[0;32m  OK  [0m] Mounted Huge Pages File System.
[[0;32m  OK  [0m] Mounted POSIX Message Queue File System.
[[0;32m  OK  [0m] Started Uncomplicated firewall.
[[0;32m  OK  [0m] Started Load Kernel Modules.
[[0;32m  OK  [0m] Started Create list of required sta…vice nodes for the current kernel.
[[0;32m  OK  [0m] Started Remount Root and Kernel File Systems.
[[0;32m  OK  [0m] Mounted Kernel Debug File System.
[[0;32m  OK  [0m] Started udev Coldplug all Devices.
[[0;32m  OK  [0m] Started LVM2 metadata daemon.
         Starting Load/Save Random Seed...
[   14.026969] random: crng init done
[   14.106625] random: 7 urandom warning(s) missed due to ratelimiting
         Starting Create Static Device Nodes in /dev...
         Mounting Kernel Configuration File System...
         Mounting FUSE Control File System...
         Starting Apply Kernel Variables...
         Starting Flush Journal to Persistent Storage...
[[0;32m  OK  [0m] Started Monitoring of LVM2 mirrors,…sing dmeventd or progress polling.
[[0;32m  OK  [0m] Started Load/Save Random Seed.
[[0;32m  OK  [0m] Started Create Static Device Nodes in /dev.
[[0;32m  OK  [0m] Started Set the console keyboard layout.
[[0;32m  OK  [0m] Mounted Kernel Configuration File System.
[[0;32m  OK  [0m] Mounted FUSE Control File System.
[[0;32m  OK  [0m] Started Apply Kernel Variables.
         Starting udev Kernel Device Manager...
[[0;32m  OK  [0m] Reached target Local File Systems (Pre).
[[0;32m  OK  [0m] Reached target Local File Systems.
         Starting Set console font and keymap...
         Starting AppArmor initialization...
         Starting Commit a transient machine-id on disk...
         Starting Tell Plymouth To Write Out Runtime Data...
         Starting ebtables ruleset management...
[[0;32m  OK  [0m] Started udev Kernel Device Manager.
[[0;32m  OK  [0m] Started Set console font and keymap.
[[0;32m  OK  [0m] Started Commit a transient machine-id on disk.
[[0;32m  OK  [0m] Started Tell Plymouth To Write Out Runtime Data.
[[0;32m  OK  [0m] Started ebtables ruleset management.
[[0;32m  OK  [0m] Started Flush Journal to Persistent Storage.
[[0;32m  OK  [0m] Found device /dev/ttyS0.
[[0;32m  OK  [0m] Listening on Load/Save RF Kill Switch Status /dev/rfkill Watch.
         Starting Create Volatile Files and Directories...
[[0;32m  OK  [0m] Started Dispatch Password Requests to Console Directory Watch.
[[0;32m  OK  [0m] Reached target Local Encrypted Volumes.
[[0;32m  OK  [0m] Started Create Volatile Files and Directories.
         Starting Update UTMP about System Boot/Shutdown...
[[0;32m  OK  [0m] Started Update UTMP about System Boot/Shutdown.
[[0;32m  OK  [0m] Started AppArmor initialization.
         Starting Initial cloud-init job (pre-networking)...
[   16.160833] cloud-init[601]: Cloud-init v. 19.2-36-g059d049c-0ubuntu2~18.04.1 running 'init-local' at Tue, 19 Nov 2019 16:27:17 +0000. Up 15.83 seconds.
[[0;32m  OK  [0m] Started Initial cloud-init job (pre-networking).
[[0;32m  OK  [0m] Reached target Network (Pre).
         Starting Network Service...
[[0;32m  OK  [0m] Started Network Service.
         Starting Network Name Resolution...
         Starting Wait for Network to be Configured...
[[0;32m  OK  [0m] Started Network Name Resolution.
[[0;32m  OK  [0m] Reached target Host and Network Name Lookups.
[[0;32m  OK  [0m] Reached target Network.
[[0;32m  OK  [0m] Started Wait for Network to be Configured.
         Starting Initial cloud-init job (metadata service crawler)...
[   18.128621] cloud-init[718]: Cloud-init v. 19.2-36-g059d049c-0ubuntu2~18.04.1 running 'init' at Tue, 19 Nov 2019 16:27:20 +0000. Up 17.99 seconds.
[   18.132775] cloud-init[718]: ci-info: ++++++++++++++++++++++++++++++++++++++Net device info+++++++++++++++++++++++++++++++++++++++
[   18.134300] cloud-init[718]: ci-info: +--------+-------+----------------------------+---------------+--------+-------------------+
[   18.135657] cloud-init[718]: ci-info: | Device |   Up  |          Address           |      Mask     | Scope  |     Hw-Address    |
[   18.160189] cloud-init[718]: ci-info: +--------+-------+----------------------------+---------------+--------+-------------------+
[   18.182966] cloud-init[718]: ci-info: | enp0s3 |  True |         10.0.2.15          | 255.255.255.0 | global | 02:c7:16:cf:84:50 |
[   18.204439] cloud-init[718]: ci-info: | enp0s3 |  True | fe80::c7:16ff:fecf:8450/64 |       .       |  link  | 02:c7:16:cf:84:50 |
[   18.218928] cloud-init[718]: ci-info: | enp0s8 | False |             .              |       .       |   .    | 08:00:27:c2:4a:ae |
[   18.224615] cloud-init[718]: ci-info: |   lo   |  True |         127.0.0.1          |   255.0.0.0   |  host  |         .         |
[   18.226089] cloud-init[718]: ci-info: |   lo   |  True |          ::1/128           |       .       |  host  |         .         |
[   18.227592] cloud-init[718]: ci-info: +--------+-------+----------------------------+---------------+--------+-------------------+
[   18.231051] cloud-init[718]: ci-info: ++++++++++++++++++++++++++++Route IPv4 info+++++++++++++++++++++++++++++
[   18.231785] cloud-init[718]: ci-info: +-------+-------------+----------+-----------------+-----------+-------+
[   18.232531] cloud-init[718]: ci-info: | Route | Destination | Gateway  |     Genmask     | Interface | Flags |
[   18.233270] cloud-init[718]: ci-info: +-------+-------------+----------+-----------------+-----------+-------+
[   18.233997] cloud-init[718]: ci-info: |   0   |   0.0.0.0   | 10.0.2.2 |     0.0.0.0     |   enp0s3  |   UG  |
[   18.234720] cloud-init[718]: ci-info: |   1   |   10.0.2.0  | 0.0.0.0  |  255.255.255.0  |   enp0s3  |   U   |
[   18.235375] cloud-init[718]: ci-info: |   2   |   10.0.2.2  | 0.0.0.0  | 255.255.255.255 |   enp0s3  |   UH  |
[   18.236083] cloud-init[718]: ci-info: +-------+-------------+----------+-----------------+-----------+-------+
[   18.236766] cloud-init[718]: ci-info: +++++++++++++++++++Route IPv6 info+++++++++++++++++++
[   18.237335] cloud-init[718]: ci-info: +-------+-------------+---------+-----------+-------+
[   18.237903] cloud-init[718]: ci-info: | Route | Destination | Gateway | Interface | Flags |
[   18.238466] cloud-init[718]: ci-info: +-------+-------------+---------+-----------+-------+
[   18.239129] cloud-init[718]: ci-info: |   1   |  fe80::/64  |    ::   |   enp0s3  |   U   |
[   18.239743] cloud-init[718]: ci-info: |   3   |    local    |    ::   |   enp0s3  |   U   |
[   18.240408] cloud-init[718]: ci-info: |   4   |   ff00::/8  |    ::   |   enp0s3  |   U   |
[   18.240945] cloud-init[718]: ci-info: +-------+-------------+---------+-----------+-------+
[   19.636073] cloud-init[718]: Generating public/private rsa key pair.
[   19.638408] cloud-init[718]: Your identification has been saved in /etc/ssh/ssh_host_rsa_key.
[   19.639951] cloud-init[718]: Your public key has been saved in /etc/ssh/ssh_host_rsa_key.pub.
[   19.653308] cloud-init[718]: The key fingerprint is:
[   19.680318] cloud-init[718]: SHA256:qxmtddgtUv9W2JGx6ewfY5E2kEB64QDUlV6ydXvfjvY root@ubuntu-bionic
[[0;32m  OK  [0m] Started Initial cloud-init job (metadata service crawler).
[   19.744248] cloud-init[718]: The key's randomart image is:
[   19.765930] cloud-init[718]: +---[RSA 2048]----+
[   19.766820] cloud-init[718]: |      .oo.o=.    |
[[   19.767716] cloud-init[718]: |         .+ooo.o |
[   19.767903] cloud-init[718]: |         ..o=o. *|
[   19.768567] cloud-init[718]: |          .o  .*o|
[   19.769405] cloud-init[718]: |        S .   oB=|
[   19.769693] cloud-init[718]: |       . = o  ooB|
[0;32m  OK  [0m] Reached target Cloud-config availability.
[   19.769911] cloud-init[718]: |      . * + o .B |
[[   19.772519] cloud-init[718]: |       * o . .=.+|
[   19.772655] cloud-init[718]: |      +      o..E|
[   19.772977] cloud-init[718]: +----[SHA256]-----+
[   19.773494] cloud-init[718]: Generating public/private dsa key pair.
[   19.773828] cloud-init[718]: Your identification has been saved in /etc/ssh/ssh_host_dsa_key.
[   19.774254] cloud-init[718]: Your public key has been saved in /etc/ssh/ssh_host_dsa_key.pub.
[   19.775090] cloud-init[718]: The key fingerprint is:
[0;32m  OK  [0m[   19.775910] cloud-init[718]: SHA256:UuGfXpUB3ZmKaTLLxhauJ1XsuHZPbX+cJnzKDcQE+bY root@ubuntu-bionic
[   19.776183] cloud-init[718]: The key's randomart image is:
[   19.776829] cloud-init[718]: +---[DSA 1024]----+
[   19.777268] cloud-init[718]: |        .  .oo..o|
[   19.777866] cloud-init[718]: |       . . .. .=.|
[   19.778194] cloud-init[718]: |        o . +.+  |
] Reached target System Initialization.
[   19.778283] cloud-init[718]: |       . = Bo=   |
[   19.784825] cloud-init[718]: |      . S % oo.  |
[   19.785348] cloud-init[718]: |       . @ o.E.  |
[[0;32m  OK  [0m[   19.785951] cloud-init[718]: |        = o .o +.|
[   19.786218] ] Listening on UUID daemon activation socket.
cloud-init[718]: |       o + .oo+++|
         [   19.856228] Starting Socket activation for snappy daemon.cloud-init
[718]: |        + . .+=.o|
         [   19.908308] Starting LXD - unix socket.cloud-init
[718]: +----[SHA256]-----+
[[0;32m  OK  [0m[   19.924693] cloud-init[718]: Generating public/private ecdsa key pair.
[   19.925186] cloud-init[718]: Your identification has been saved in /etc/ssh/ssh_host_ecdsa_key.
[   19.925956] cloud-init[718]: Your public key has been saved in /etc/ssh/ssh_host_ecdsa_key.pub.
[   19.926571] cloud-init[718]: The key fingerprint is:
[   19.928167] cloud-init[718]: SHA256:levjx6PV0hqzFOrUP12ehyKpJQGqWhrnMPX2Snm6fQg root@ubuntu-bionic
[   19.928873] cloud-init[718]: The key's randomart image is:
[   19.929245] cloud-init[718]: +---[ECDSA 256]---+
[   19.929625] cloud-init[718]: |                 |
[   19.930295] cloud-init[718]: |           .     |
[   19.931015] cloud-init[718]: |      .   o      |
[   19.931471] cloud-init[718]: |     . . . .     |
[   19.932669] cloud-init[718]: |  . .   S . .    |
[   19.933141] cloud-init[718]: | . oE.   o o +  .|
[   19.933469] cloud-init[718]: |+ + =.... *oB o+o|
[   19.934133] cloud-init[718]: | X o =. .*o+=Bo.+|
[   19.934619] cloud-init[718]: |o . +oo...++oo...|
[   19.935167] cloud-init[718]: +----[SHA256]-----+
] Listening on ACPID Listen Socket.
[   19.935596] cloud-init[718]: Generating public/private ed25519 key pair.
[   19.937822] cloud-init[718]: Your identification has been saved in /etc/ssh/ssh_host_ed25519_key.
[   19.938347] cloud-init[718]: Your public key has been saved in /etc/ssh/ssh_host_ed25519_key.pub.
[[   19.939032] cloud-init[718]: The key fingerprint is:
[   19.939111] cloud-init[718]: SHA256:OMpOTme4wirjRDf9Hm64gk1mDAc6PPCe391TvmAjh3I root@ubuntu-bionic
[   19.939885] cloud-init[718]: The key's randomart image is:
[   19.940168] cloud-init[718]: +--[ED25519 256]--+
[   19.940345] cloud-init[718]: |                 |
[   19.940734] cloud-init[718]: |..               |
[   19.940917] cloud-init[718]: |+..              |
[   19.941039] cloud-init[718]: |o+...  .         |
[   19.941377] cloud-init[718]: | +=+ .o S        |
[   19.941496] cloud-init[718]: |. +*.o.. .  .    |
[   19.941827] cloud-init[718]: | o*.*.=+E.=o     |
[   19.941947] cloud-init[718]: |+.oB.=++o+oo.    |
[   19.942195] cloud-init[718]: |++ .=.oo   ...   |
[   19.942419] cloud-init[718]: +----[SHA256]-----+
[0;32m  OK  [0m] Started Message of the Day.
[[0;32m  OK  [0m] Listening on Open-iSCSI iscsid Socket.
[[0;32m  OK  [0m] Listening on D-Bus System Message Bus Socket.
[[0;32m  OK  [0m] Started Discard unused blocks once a week.
[[0;32m  OK  [0m] Started Daily Cleanup of Temporary Directories.
[[0;32m  OK  [0m] Started Daily apt download activities.
[[0;32m  OK  [0m] Started Daily apt upgrade and clean activities.
[[0;32m  OK  [0m] Reached target Timers.
[[0;32m  OK  [0m] Started ACPI Events Check.
[[0;32m  OK  [0m] Reached target Paths.
[[0;32m  OK  [0m] Reached target Network is Online.
         Starting Availability of block devices...
[[0;32m  OK  [0m] Reached target Remote File Systems (Pre).
[[0;32m  OK  [0m] Reached target Remote File Systems.
[[0;32m  OK  [0m] Listening on Socket activation for snappy daemon.
[[0;32m  OK  [0m] Listening on LXD - unix socket.
[[0;32m  OK  [0m] Started Availability of block devices.
[[0;32m  OK  [0m] Reached target Sockets.
[[0;32m  OK  [0m] Reached target Basic System.
         Starting Pollinate to seed the pseudo random number generator...
[[0;32m  OK  [0m] Started Deferred execution scheduler.
         Starting LSB: Record successful boot for GRUB...
         Starting LXD - container startup/shutdown...
[[0;32m  OK  [0m] Started FUSE filesystem for LXC.
         Starting LSB: automatic crash report generation...
[[0;32m  OK  [0m] Started Regular background program processing daemon.
         Starting Snappy daemon...
         Starting Login Service...
         Starting Dispatcher daemon for systemd-networkd...
         Starting Accounts Service...
[[0;32m  OK  [0m] Started irqbalance daemon.
[[0;32m  OK  [0m] Started D-Bus System Message Bus.
[[0;32m  OK  [0m] Started Login Service.
         Starting System Logging Service...
         Starting Virtualbox guest utils...
[[0;32m  OK  [0m] Started Unattended Upgrades Shutdown.
         Starting Permit User Sessions...
[[0;32m  OK  [0m] Started LXD - container startup/shutdown.
[[0;32m  OK  [0m] Started System Logging Service.
[[0;32m  OK  [0m] Started Permit User Sessions.
         Starting Hold until boot process finishes up...
         Starting Terminate Plymouth Boot Screen...
[[0;32m  OK  [0m] Started Hold until boot process finishes up.
[[0;32m  OK  [0m] Started Terminate Plymouth Boot Screen.
         Starting Authorization Manager...
[[0;32m  OK  [0m] Started Serial Getty on ttyS0.
         Starting Set console scheme...
[[0;32m  OK  [0m] Started LSB: Record successful boot for GRUB.
[[0;32m  OK  [0m] Started LSB: automatic crash report generation.
[[0;32m  OK  [0m] Started Set console scheme.
[[0;32m  OK  [0m] Created slice system-getty.slice.
[[0;32m  OK  [0m] Started Getty on tty1.
[[0;32m  OK  [0m] Reached target Login Prompts.
[[0;32m  OK  [0m] Started Authorization Manager.
[[0;32m  OK  [0m] Started Accounts Service.
[[0;32m  OK  [0m] Started Virtualbox guest utils.
[[0;32m  OK  [0m] Started Dispatcher daemon for systemd-networkd.
[[0;32m  OK  [0m] Started Snappy daemon.
         Starting Wait until snapd is fully seeded...
[[0;32m  OK  [0m] Started Pollinate to seed the pseudo random number generator.
         Starting OpenBSD Secure Shell server...
[[0;32m  OK  [0m] Started OpenBSD Secure Shell server.
[[0;32m  OK  [0m] Started Wait until snapd is fully seeded.
         Starting Apply the settings specified in cloud-config...
[[0;32m  OK  [0m] Reached target Multi-User System.
[[0;32m  OK  [0m] Reached target Graphical Interface.
         Starting Update UTMP about System Runlevel Changes...
[[0;32m  OK  [0m] Started Update UTMP about System Runlevel Changes.
[   23.147696] cloud-init[1298]: Cloud-init v. 19.2-36-g059d049c-0ubuntu2~18.04.1 running 'modules:config' at Tue, 19 Nov 2019 16:27:24 +0000. Up 22.80 seconds.
[[0;32m  OK  [0m] Started Apply the settings specified in cloud-config.
         Starting Execute cloud user/final scripts...
[[0;32m  OK  [0m] Created slice User Slice of vagrant.
         Starting User Manager for UID 1000...
[[0;32m  OK  [0m] Started Session 1 of user vagrant.
[[0;32m  OK  [0m] Started User Manager for UID 1000.
ci-info: no authorized ssh keys fingerprints found for user ubuntu.
<14>Nov 19 16:27:25 ec2: 
<14>Nov 19 16:27:25 ec2: #############################################################
<14>Nov 19 16:27:25 ec2: -----BEGIN SSH HOST KEY FINGERPRINTS-----
<14>Nov 19 16:27:25 ec2: 1024 SHA256:UuGfXpUB3ZmKaTLLxhauJ1XsuHZPbX+cJnzKDcQE+bY root@ubuntu-bionic (DSA)
<14>Nov 19 16:27:25 ec2: 256 SHA256:levjx6PV0hqzFOrUP12ehyKpJQGqWhrnMPX2Snm6fQg root@ubuntu-bionic (ECDSA)
<14>Nov 19 16:27:25 ec2: 256 SHA256:OMpOTme4wirjRDf9Hm64gk1mDAc6PPCe391TvmAjh3I root@ubuntu-bionic (ED25519)
<14>Nov 19 16:27:25 ec2: 2048 SHA256:qxmtddgtUv9W2JGx6ewfY5E2kEB64QDUlV6ydXvfjvY root@ubuntu-bionic (RSA)
<14>Nov 19 16:27:25 ec2: -----END SSH HOST KEY FINGERPRINTS-----
<14>Nov 19 16:27:25 ec2: #############################################################
-----BEGIN SSH HOST KEY KEYS-----
ecdsa-sha2-nistp256 AAAAE2VjZHNhLXNoYTItbmlzdHAyNTYAAAAIbmlzdHAyNTYAAABBBB5QZepZX92L5TlmYVg4WpJpaY6zrc2pjrw94tJjQt5+iQt4eBSw7jQGy7EeyWs0RX8SXA/SOk+XF1OIezNWxiA= root@ubuntu-bionic
ssh-ed25519 AAAAC3NzaC1lZDI1NTE5AAAAIE+W4ZnP+ltDYkffqPaS6b3hCZORkq3yCrenZa64Uzod root@ubuntu-bionic
ssh-rsa AAAAB3NzaC1yc2EAAAADAQABAAABAQDDTo+cfxIGZlOu84zefElt1GfXkMjYEGhbWuhbVFUhiCEt5WBOdsm39lW3zwL+vGpFR6gmx/ioHdvQ3qHfzwy3bNhKWqoD3caOJgOuxSWMhqL7UmTFYG0WIyfqyfFKdtKdTVgK+y2EEolk9vPGhJ6RXOV3TNiMbpxZF8yeog9wJgb1R8fm0aaEHlZm92tDOhqas4Oaa9+3828kkLLBjTHzCvq+ueucI7ojM5rb3V0hvUYI4vRiWRpYyIwGI1o/qaa3bTN87gIlEOcjiHpke/2C/bYQ/+6MrvFMeCO5aOW0EZtYSlBO+RgDirYgaIOn8tvR43Inmbkd2souhQqKDWDD root@ubuntu-bionic
-----END SSH HOST KEY KEYS-----
[   23.718987] cloud-init[1363]: Cloud-init v. 19.2-36-g059d049c-0ubuntu2~18.04.1 running 'modules:final' at Tue, 19 Nov 2019 16:27:25 +0000. Up 23.53 seconds.
[   23.750659] cloud-init[1363]: ci-info: no authorized ssh keys fingerprints found for user ubuntu.
[   23.752907] cloud-init[1363]: Cloud-init v. 19.2-36-g059d049c-0ubuntu2~18.04.1 finished at Tue, 19 Nov 2019 16:27:25 +0000. Datasource DataSourceNoCloud [seed=/dev/sdb][dsmode=net].  Up 23.71 seconds
[[0;32m  OK  [0m] Started Execute cloud user/final scripts.
[[0;32m  OK  [0m] Reached target Cloud-init target.

Ubuntu 18.04.3 LTS ubuntu-bionic ttyS0

ubuntu-bionic login: 